'Building file: C:/Users/Tingkai/Desktop/energia-0101E0014/hardware/msp430/cores/msp430/WInterrupts.c'
'Invoking: GNU Compiler'
"C:/Users/Tingkai/Desktop/energia-0101E0014/hardware/tools/msp430/bin/msp430-gcc.exe" -c -mmcu=msp430g2553 -DF_CPU=16000000L -DARDUINO=101 -DENERGIA=12 -I"C:/Users/Tingkai/Desktop/energia-0101E0014/hardware/msp430/cores/msp430" -I"C:/Users/Tingkai/Desktop/energia-0101E0014/hardware/msp430/variants/launchpad" -I"C:/Users/Tingkai/Desktop/energia-0101E0014/hardware/tools/msp430/msp430/include" -Os -ffunction-sections -fdata-sections -g -gstrict-dwarf -Wall -MMD -MP -MF"WInterrupts.d" -MT"WInterrupts.d" -o"WInterrupts.o"  "C:/Users/Tingkai/Desktop/energia-0101E0014/hardware/msp430/cores/msp430/WInterrupts.c"
'Finished building: C:/Users/Tingkai/Desktop/energia-0101E0014/hardware/msp430/cores/msp430/WInterrupts.c'
' '
'Building file: C:/Users/Tingkai/Desktop/energia-0101E0014/hardware/msp430/cores/msp430/WMath.cpp'
'Invoking: GNU Compiler'
"C:/Users/Tingkai/Desktop/energia-0101E0014/hardware/tools/msp430/bin/msp430-gcc.exe" -c -mmcu=msp430g2553 -DF_CPU=16000000L -DARDUINO=101 -DENERGIA=12 -I"C:/Users/Tingkai/Desktop/energia-0101E0014/hardware/msp430/cores/msp430" -I"C:/Users/Tingkai/Desktop/energia-0101E0014/hardware/msp430/variants/launchpad" -I"C:/Users/Tingkai/Desktop/energia-0101E0014/hardware/tools/msp430/msp430/include" -Os -ffunction-sections -fdata-sections -g -gstrict-dwarf -Wall -MMD -MP -MF"WMath.d" -MT"WMath.d" -o"WMath.o"  "C:/Users/Tingkai/Desktop/energia-0101E0014/hardware/msp430/cores/msp430/WMath.cpp"
'Finished building: C:/Users/Tingkai/Desktop/energia-0101E0014/hardware/msp430/cores/msp430/WMath.cpp'
' '
'Building file: C:/Users/Tingkai/Desktop/energia-0101E0014/hardware/msp430/cores/msp430/WString.cpp'
'Invoking: GNU Compiler'
"C:/Users/Tingkai/Desktop/energia-0101E0014/hardware/tools/msp430/bin/msp430-gcc.exe" -c -mmcu=msp430g2553 -DF_CPU=16000000L -DARDUINO=101 -DENERGIA=12 -I"C:/Users/Tingkai/Desktop/energia-0101E0014/hardware/msp430/cores/msp430" -I"C:/Users/Tingkai/Desktop/energia-0101E0014/hardware/msp430/variants/launchpad" -I"C:/Users/Tingkai/Desktop/energia-0101E0014/hardware/tools/msp430/msp430/include" -Os -ffunction-sections -fdata-sections -g -gstrict-dwarf -Wall -MMD -MP -MF"WString.d" -MT"WString.d" -o"WString.o"  "C:/Users/Tingkai/Desktop/energia-0101E0014/hardware/msp430/cores/msp430/WString.cpp"
'Finished building: C:/Users/Tingkai/Desktop/energia-0101E0014/hardware/msp430/cores/msp430/WString.cpp'
' '
'Building file: C:/Users/Tingkai/Desktop/energia-0101E0014/hardware/msp430/cores/msp430/Wire.cpp'
'Invoking: GNU Compiler'
"C:/Users/Tingkai/Desktop/energia-0101E0014/hardware/tools/msp430/bin/msp430-gcc.exe" -c -mmcu=msp430g2553 -DF_CPU=16000000L -DARDUINO=101 -DENERGIA=12 -I"C:/Users/Tingkai/Desktop/energia-0101E0014/hardware/msp430/cores/msp430" -I"C:/Users/Tingkai/Desktop/energia-0101E0014/hardware/msp430/variants/launchpad" -I"C:/Users/Tingkai/Desktop/energia-0101E0014/hardware/tools/msp430/msp430/include" -Os -ffunction-sections -fdata-sections -g -gstrict-dwarf -Wall -MMD -MP -MF"Wire.d" -MT"Wire.d" -o"Wire.o"  "C:/Users/Tingkai/Desktop/energia-0101E0014/hardware/msp430/cores/msp430/Wire.cpp"
'Finished building: C:/Users/Tingkai/Desktop/energia-0101E0014/hardware/msp430/cores/msp430/Wire.cpp'
' '
'Building file: C:/Users/Tingkai/Desktop/energia-0101E0014/hardware/msp430/cores/msp430/atof.c'
'Invoking: GNU Compiler'
"C:/Users/Tingkai/Desktop/energia-0101E0014/hardware/tools/msp430/bin/msp430-gcc.exe" -c -mmcu=msp430g2553 -DF_CPU=16000000L -DARDUINO=101 -DENERGIA=12 -I"C:/Users/Tingkai/Desktop/energia-0101E0014/hardware/msp430/cores/msp430" -I"C:/Users/Tingkai/Desktop/energia-0101E0014/hardware/msp430/variants/launchpad" -I"C:/Users/Tingkai/Desktop/energia-0101E0014/hardware/tools/msp430/msp430/include" -Os -ffunction-sections -fdata-sections -g -gstrict-dwarf -Wall -MMD -MP -MF"atof.d" -MT"atof.d" -o"atof.o"  "C:/Users/Tingkai/Desktop/energia-0101E0014/hardware/msp430/cores/msp430/atof.c"
C:/Users/Tingkai/Desktop/energia-0101E0014/hardware/msp430/cores/msp430/atof.c: In function 'atof':
C:/Users/Tingkai/Desktop/energia-0101E0014/hardware/msp430/cores/msp430/atof.c:71:9: warning: floating constant exceeds range of 'double' [-Woverflow]
'Finished building: C:/Users/Tingkai/Desktop/energia-0101E0014/hardware/msp430/cores/msp430/atof.c'
' '
'Building file: C:/Users/Tingkai/Desktop/energia-0101E0014/hardware/msp430/cores/msp430/avr/dtostrf.c'
'Invoking: GNU Compiler'
"C:/Users/Tingkai/Desktop/energia-0101E0014/hardware/tools/msp430/bin/msp430-gcc.exe" -c -mmcu=msp430g2553 -DF_CPU=16000000L -DARDUINO=101 -DENERGIA=12 -I"C:/Users/Tingkai/Desktop/energia-0101E0014/hardware/msp430/cores/msp430" -I"C:/Users/Tingkai/Desktop/energia-0101E0014/hardware/msp430/variants/launchpad" -I"C:/Users/Tingkai/Desktop/energia-0101E0014/hardware/tools/msp430/msp430/include" -Os -ffunction-sections -fdata-sections -g -gstrict-dwarf -Wall -MMD -MP -MF"dtostrf.d" -MT"dtostrf.d" -o"dtostrf.o"  "C:/Users/Tingkai/Desktop/energia-0101E0014/hardware/msp430/cores/msp430/avr/dtostrf.c"
C:/Users/Tingkai/Desktop/energia-0101E0014/hardware/msp430/cores/msp430/avr/dtostrf.c: In function 'dtostrf':
C:/Users/Tingkai/Desktop/energia-0101E0014/hardware/msp430/cores/msp430/avr/dtostrf.c:36:3: warning: implicit declaration of function 'sprintf' [-Wimplicit-function-declaration]
C:/Users/Tingkai/Desktop/energia-0101E0014/hardware/msp430/cores/msp430/avr/dtostrf.c:36:3: warning: incompatible implicit declaration of built-in function 'sprintf' [enabled by default]
'Finished building: C:/Users/Tingkai/Desktop/energia-0101E0014/hardware/msp430/cores/msp430/avr/dtostrf.c'
' '
'Building file: C:/Users/Tingkai/Desktop/energia-0101E0014/hardware/msp430/cores/msp430/itoa.c'
'Invoking: GNU Compiler'
"C:/Users/Tingkai/Desktop/energia-0101E0014/hardware/tools/msp430/bin/msp430-gcc.exe" -c -mmcu=msp430g2553 -DF_CPU=16000000L -DARDUINO=101 -DENERGIA=12 -I"C:/Users/Tingkai/Desktop/energia-0101E0014/hardware/msp430/cores/msp430" -I"C:/Users/Tingkai/Desktop/energia-0101E0014/hardware/msp430/variants/launchpad" -I"C:/Users/Tingkai/Desktop/energia-0101E0014/hardware/tools/msp430/msp430/include" -Os -ffunction-sections -fdata-sections -g -gstrict-dwarf -Wall -MMD -MP -MF"itoa.d" -MT"itoa.d" -o"itoa.o"  "C:/Users/Tingkai/Desktop/energia-0101E0014/hardware/msp430/cores/msp430/itoa.c"
'Finished building: C:/Users/Tingkai/Desktop/energia-0101E0014/hardware/msp430/cores/msp430/itoa.c'
' '
'Building file: C:/Users/Tingkai/Desktop/energia-0101E0014/hardware/msp430/cores/msp430/main.cpp'
'Invoking: GNU Compiler'
"C:/Users/Tingkai/Desktop/energia-0101E0014/hardware/tools/msp430/bin/msp430-gcc.exe" -c -mmcu=msp430g2553 -DF_CPU=16000000L -DARDUINO=101 -DENERGIA=12 -I"C:/Users/Tingkai/Desktop/energia-0101E0014/hardware/msp430/cores/msp430" -I"C:/Users/Tingkai/Desktop/energia-0101E0014/hardware/msp430/variants/launchpad" -I"C:/Users/Tingkai/Desktop/energia-0101E0014/hardware/tools/msp430/msp430/include" -Os -ffunction-sections -fdata-sections -g -gstrict-dwarf -Wall -MMD -MP -MF"main.d" -MT"main.d" -o"main.o"  "C:/Users/Tingkai/Desktop/energia-0101E0014/hardware/msp430/cores/msp430/main.cpp"
'Finished building: C:/Users/Tingkai/Desktop/energia-0101E0014/hardware/msp430/cores/msp430/main.cpp'
' '
'Building file: C:/Users/Tingkai/Desktop/energia-0101E0014/hardware/msp430/cores/msp430/new.cpp'
'Invoking: GNU Compiler'
"C:/Users/Tingkai/Desktop/energia-0101E0014/hardware/tools/msp430/bin/msp430-gcc.exe" -c -mmcu=msp430g2553 -DF_CPU=16000000L -DARDUINO=101 -DENERGIA=12 -I"C:/Users/Tingkai/Desktop/energia-0101E0014/hardware/msp430/cores/msp430" -I"C:/Users/Tingkai/Desktop/energia-0101E0014/hardware/msp430/variants/launchpad" -I"C:/Users/Tingkai/Desktop/energia-0101E0014/hardware/tools/msp430/msp430/include" -Os -ffunction-sections -fdata-sections -g -gstrict-dwarf -Wall -MMD -MP -MF"new.d" -MT"new.d" -o"new.o"  "C:/Users/Tingkai/Desktop/energia-0101E0014/hardware/msp430/cores/msp430/new.cpp"
'Finished building: C:/Users/Tingkai/Desktop/energia-0101E0014/hardware/msp430/cores/msp430/new.cpp'
' '
'Building file: C:/Users/Tingkai/Desktop/energia-0101E0014/hardware/msp430/cores/msp430/random.c'
'Invoking: GNU Compiler'
"C:/Users/Tingkai/Desktop/energia-0101E0014/hardware/tools/msp430/bin/msp430-gcc.exe" -c -mmcu=msp430g2553 -DF_CPU=16000000L -DARDUINO=101 -DENERGIA=12 -I"C:/Users/Tingkai/Desktop/energia-0101E0014/hardware/msp430/cores/msp430" -I"C:/Users/Tingkai/Desktop/energia-0101E0014/hardware/msp430/variants/launchpad" -I"C:/Users/Tingkai/Desktop/energia-0101E0014/hardware/tools/msp430/msp430/include" -Os -ffunction-sections -fdata-sections -g -gstrict-dwarf -Wall -MMD -MP -MF"random.d" -MT"random.d" -o"random.o"  "C:/Users/Tingkai/Desktop/energia-0101E0014/hardware/msp430/cores/msp430/random.c"
'Finished building: C:/Users/Tingkai/Desktop/energia-0101E0014/hardware/msp430/cores/msp430/random.c'
' '
'Building file: C:/Users/Tingkai/Desktop/energia-0101E0014/hardware/msp430/cores/msp430/twi.c'
'Invoking: GNU Compiler'
"C:/Users/Tingkai/Desktop/energia-0101E0014/hardware/tools/msp430/bin/msp430-gcc.exe" -c -mmcu=msp430g2553 -DF_CPU=16000000L -DARDUINO=101 -DENERGIA=12 -I"C:/Users/Tingkai/Desktop/energia-0101E0014/hardware/msp430/cores/msp430" -I"C:/Users/Tingkai/Desktop/energia-0101E0014/hardware/msp430/variants/launchpad" -I"C:/Users/Tingkai/Desktop/energia-0101E0014/hardware/tools/msp430/msp430/include" -Os -ffunction-sections -fdata-sections -g -gstrict-dwarf -Wall -MMD -MP -MF"twi.d" -MT"twi.d" -o"twi.o"  "C:/Users/Tingkai/Desktop/energia-0101E0014/hardware/msp430/cores/msp430/twi.c"
'Finished building: C:/Users/Tingkai/Desktop/energia-0101E0014/hardware/msp430/cores/msp430/twi.c'
' '
'Building file: C:/Users/Tingkai/Desktop/energia-0101E0014/hardware/msp430/cores/msp430/usci_isr_handler.c'
'Invoking: GNU Compiler'
"C:/Users/Tingkai/Desktop/energia-0101E0014/hardware/tools/msp430/bin/msp430-gcc.exe" -c -mmcu=msp430g2553 -DF_CPU=16000000L -DARDUINO=101 -DENERGIA=12 -I"C:/Users/Tingkai/Desktop/energia-0101E0014/hardware/msp430/cores/msp430" -I"C:/Users/Tingkai/Desktop/energia-0101E0014/hardware/msp430/variants/launchpad" -I"C:/Users/Tingkai/Desktop/energia-0101E0014/hardware/tools/msp430/msp430/include" -Os -ffunction-sections -fdata-sections -g -gstrict-dwarf -Wall -MMD -MP -MF"usci_isr_handler.d" -MT"usci_isr_handler.d" -o"usci_isr_handler.o"  "C:/Users/Tingkai/Desktop/energia-0101E0014/hardware/msp430/cores/msp430/usci_isr_handler.c"
'Finished building: C:/Users/Tingkai/Desktop/energia-0101E0014/hardware/msp430/cores/msp430/usci_isr_handler.c'
' '
'Building file: C:/Users/Tingkai/Desktop/energia-0101E0014/hardware/msp430/cores/msp430/wiring.c'
'Invoking: GNU Compiler'
"C:/Users/Tingkai/Desktop/energia-0101E0014/hardware/tools/msp430/bin/msp430-gcc.exe" -c -mmcu=msp430g2553 -DF_CPU=16000000L -DARDUINO=101 -DENERGIA=12 -I"C:/Users/Tingkai/Desktop/energia-0101E0014/hardware/msp430/cores/msp430" -I"C:/Users/Tingkai/Desktop/energia-0101E0014/hardware/msp430/variants/launchpad" -I"C:/Users/Tingkai/Desktop/energia-0101E0014/hardware/tools/msp430/msp430/include" -Os -ffunction-sections -fdata-sections -g -gstrict-dwarf -Wall -MMD -MP -MF"wiring.d" -MT"wiring.d" -o"wiring.o"  "C:/Users/Tingkai/Desktop/energia-0101E0014/hardware/msp430/cores/msp430/wiring.c"
'Finished building: C:/Users/Tingkai/Desktop/energia-0101E0014/hardware/msp430/cores/msp430/wiring.c'
' '
'Building file: C:/Users/Tingkai/Desktop/energia-0101E0014/hardware/msp430/cores/msp430/wiring_analog.c'
'Invoking: GNU Compiler'
"C:/Users/Tingkai/Desktop/energia-0101E0014/hardware/tools/msp430/bin/msp430-gcc.exe" -c -mmcu=msp430g2553 -DF_CPU=16000000L -DARDUINO=101 -DENERGIA=12 -I"C:/Users/Tingkai/Desktop/energia-0101E0014/hardware/msp430/cores/msp430" -I"C:/Users/Tingkai/Desktop/energia-0101E0014/hardware/msp430/variants/launchpad" -I"C:/Users/Tingkai/Desktop/energia-0101E0014/hardware/tools/msp430/msp430/include" -Os -ffunction-sections -fdata-sections -g -gstrict-dwarf -Wall -MMD -MP -MF"wiring_analog.d" -MT"wiring_analog.d" -o"wiring_analog.o"  "C:/Users/Tingkai/Desktop/energia-0101E0014/hardware/msp430/cores/msp430/wiring_analog.c"
'Finished building: C:/Users/Tingkai/Desktop/energia-0101E0014/hardware/msp430/cores/msp430/wiring_analog.c'
' '
'Building file: C:/Users/Tingkai/Desktop/energia-0101E0014/hardware/msp430/cores/msp430/wiring_digital.c'
'Invoking: GNU Compiler'
"C:/Users/Tingkai/Desktop/energia-0101E0014/hardware/tools/msp430/bin/msp430-gcc.exe" -c -mmcu=msp430g2553 -DF_CPU=16000000L -DARDUINO=101 -DENERGIA=12 -I"C:/Users/Tingkai/Desktop/energia-0101E0014/hardware/msp430/cores/msp430" -I"C:/Users/Tingkai/Desktop/energia-0101E0014/hardware/msp430/variants/launchpad" -I"C:/Users/Tingkai/Desktop/energia-0101E0014/hardware/tools/msp430/msp430/include" -Os -ffunction-sections -fdata-sections -g -gstrict-dwarf -Wall -MMD -MP -MF"wiring_digital.d" -MT"wiring_digital.d" -o"wiring_digital.o"  "C:/Users/Tingkai/Desktop/energia-0101E0014/hardware/msp430/cores/msp430/wiring_digital.c"
'Finished building: C:/Users/Tingkai/Desktop/energia-0101E0014/hardware/msp430/cores/msp430/wiring_digital.c'
' '
'Building file: C:/Users/Tingkai/Desktop/energia-0101E0014/hardware/msp430/cores/msp430/wiring_pulse.c'
'Invoking: GNU Compiler'
"C:/Users/Tingkai/Desktop/energia-0101E0014/hardware/tools/msp430/bin/msp430-gcc.exe" -c -mmcu=msp430g2553 -DF_CPU=16000000L -DARDUINO=101 -DENERGIA=12 -I"C:/Users/Tingkai/Desktop/energia-0101E0014/hardware/msp430/cores/msp430" -I"C:/Users/Tingkai/Desktop/energia-0101E0014/hardware/msp430/variants/launchpad" -I"C:/Users/Tingkai/Desktop/energia-0101E0014/hardware/tools/msp430/msp430/include" -Os -ffunction-sections -fdata-sections -g -gstrict-dwarf -Wall -MMD -MP -MF"wiring_pulse.d" -MT"wiring_pulse.d" -o"wiring_pulse.o"  "C:/Users/Tingkai/Desktop/energia-0101E0014/hardware/msp430/cores/msp430/wiring_pulse.c"
'Finished building: C:/Users/Tingkai/Desktop/energia-0101E0014/hardware/msp430/cores/msp430/wiring_pulse.c'
' '
'Building file: C:/Users/Tingkai/Desktop/energia-0101E0014/hardware/msp430/cores/msp430/wiring_shift.c'
'Invoking: GNU Compiler'
"C:/Users/Tingkai/Desktop/energia-0101E0014/hardware/tools/msp430/bin/msp430-gcc.exe" -c -mmcu=msp430g2553 -DF_CPU=16000000L -DARDUINO=101 -DENERGIA=12 -I"C:/Users/Tingkai/Desktop/energia-0101E0014/hardware/msp430/cores/msp430" -I"C:/Users/Tingkai/Desktop/energia-0101E0014/hardware/msp430/variants/launchpad" -I"C:/Users/Tingkai/Desktop/energia-0101E0014/hardware/tools/msp430/msp430/include" -Os -ffunction-sections -fdata-sections -g -gstrict-dwarf -Wall -MMD -MP -MF"wiring_shift.d" -MT"wiring_shift.d" -o"wiring_shift.o"  "C:/Users/Tingkai/Desktop/energia-0101E0014/hardware/msp430/cores/msp430/wiring_shift.c"
'Finished building: C:/Users/Tingkai/Desktop/energia-0101E0014/hardware/msp430/cores/msp430/wiring_shift.c'
' '
'Building target: liblpmsp430g2553_core.a'
'Invoking: GNU Librarian'
"C:/Users/Tingkai/Desktop/energia-0101E0014/hardware/tools/msp430/bin/msp430-ar.exe" -r "liblpmsp430g2553_core.a" "./atof.o" "./dtostrf.o" "./itoa.o" "./random.o" "./twi.o" "./usci_isr_handler.o" "./WInterrupts.o" "./wiring.o" "./wiring_analog.o" "./wiring_digital.o" "./wiring_pulse.o" "./wiring_shift.o" "./HardwareSerial.o" "./IPAddress.o" "./MACAddress.o" "./main.o" "./new.o" "./Print.o" "./Stream.o" "./TimerSerial.o" "./Tone.o" "./Wire.o" "./WMath.o" "./WString.o"  
C:/Users/Tingkai/Desktop/energia-0101E0014/hardware/tools/msp430/bin/msp430-ar.exe: creating liblpmsp430g2553_core.a
'Finished building target: liblpmsp430g2553_core.a'
' '

**** Build Finished ****

**** Build of configuration Debug for project lpmsp430g2553_core ****

"c:\\ti\\ccsv6\\utils\\bin\\gmake" -k all 
gmake: Nothing to be done for `all'.

**** Build Finished ****

**** Build of configuration Debug for project lab1 ****

"c:\\ti\\ccsv6\\utils\\bin\\gmake" -k all 
'Building file: ../lab1.cpp'
'Invoking: GNU Compiler'
"C:/Users/Tingkai/Desktop/energia-0101E0014/hardware/tools/msp430/bin/msp430-gcc.exe" -c -mmcu=msp430g2553 -DF_CPU=16000000L -DARDUINO=101 -DENERGIA=12 -I"C:/Users/Tingkai/Desktop/energia-0101E0014/hardware/msp430/cores/msp430" -I"C:/Users/Tingkai/Desktop/energia-0101E0014/hardware/msp430/variants/launchpad" -I"C:/Users/Tingkai/Desktop/energia-0101E0014/hardware/tools/msp430/msp430/include" -Os -ffunction-sections -fdata-sections -g -gstrict-dwarf -Wall -MMD -MP -MF"lab1.d" -MT"lab1.d" -o"lab1.o"  "../lab1.cpp"
'Finished building: ../lab1.cpp'
' '
'Building target: lab1.out'
'Invoking: GNU Linker'
"C:/Users/Tingkai/Desktop/energia-0101E0014/hardware/tools/msp430/bin/msp430-gcc.exe" -mmcu=msp430g2553 -DF_CPU=16000000L -DARDUINO=101 -DENERGIA=12 -Os -ffunction-sections -fdata-sections -g -gstrict-dwarf -Wall -Wl,-Map,"lab1.map" -Wl,--gc-sections -L"C:/Users/Tingkai/Desktop/TI/lpmsp430g2553_core/Debug" -Wl,--undefined,main -o"lab1.out" "./lab1.o"  -Wl,--start-group -l"lpmsp430g2553_core" -l"m" -Wl,--end-group 
'Finished building target: lab1.out'
' '
C:/Users/Tingkai/Desktop/energia-0101E0014/hardware/tools/msp430/bin/msp430-objcopy -O ihex -R .eeprom lab1.out lab1.hex
' '

**** Build Finished ****

**** Build of configuration Debug for project lpmsp430g2553_core ****

"c:\\ti\\ccsv6\\utils\\bin\\gmake" -k all 
gmake: Nothing to be done for `all'.

**** Build Finished ****

**** Build of configuration Debug for project lab1 ****

"c:\\ti\\ccsv6\\utils\\bin\\gmake" -k all 
gmake: Nothing to be done for `all'.

**** Build Finished ****

**** Build of configuration Debug for project lpmsp430g2553_core ****

"c:\\ti\\ccsv6\\utils\\bin\\gmake" -k all 
gmake: Nothing to be done for `all'.

**** Build Finished ****

**** Build of configuration Debug for project lpmsp430g2553_core ****

"c:\\ti\\ccsv6\\utils\\bin\\gmake" -k all 
gmake: Nothing to be done for `all'.

**** Build Finished ****

**** Build of configuration Debug for project lab1 ****

"c:\\ti\\ccsv6\\utils\\bin\\gmake" -k all 
'Building file: ../lab1.cpp'
'Invoking: GNU Compiler'
"C:/Users/Tingkai/Desktop/energia-0101E0014/hardware/tools/msp430/bin/msp430-gcc.exe" -c -mmcu=msp430g2553 -DF_CPU=16000000L -DARDUINO=101 -DENERGIA=12 -I"C:/Users/Tingkai/Desktop/energia-0101E0014/hardware/msp430/cores/msp430" -I"C:/Users/Tingkai/Desktop/energia-0101E0014/hardware/msp430/variants/launchpad" -I"C:/Users/Tingkai/Desktop/energia-0101E0014/hardware/tools/msp430/msp430/include" -Os -ffunction-sections -fdata-sections -g -gstrict-dwarf -Wall -MMD -MP -MF"lab1.d" -MT"lab1.d" -o"lab1.o"  "../lab1.cpp"
'Finished building: ../lab1.cpp'
' '
'Building target: lab1.out'
'Invoking: GNU Linker'
"C:/Users/Tingkai/Desktop/energia-0101E0014/hardware/tools/msp430/bin/msp430-gcc.exe" -mmcu=msp430g2553 -DF_CPU=16000000L -DARDUINO=101 -DENERGIA=12 -Os -ffunction-sections -fdata-sections -g -gstrict-dwarf -Wall -Wl,-Map,"lab1.map" -Wl,--gc-sections -L"C:/Users/Tingkai/Desktop/TI/lpmsp430g2553_core/Debug" -Wl,--undefined,main -o"lab1.out" "./lab1.o"  -Wl,--start-group -l"lpmsp430g2553_core" -l"m" -Wl,--end-group 
'Finished building target: lab1.out'
' '
C:/Users/Tingkai/Desktop/energia-0101E0014/hardware/tools/msp430/bin/msp430-objcopy -O ihex -R .eeprom lab1.out lab1.hex
' '

**** Build Finished ****

**** Build of configuration Debug for project lpmsp430g2553_core ****

"c:\\ti\\ccsv6\\utils\\bin\\gmake" -k all 
gmake: Nothing to be done for `all'.

**** Build Finished ****

**** Build of configuration Debug for project lpmsp430g2553_core ****

"c:\\ti\\ccsv6\\utils\\bin\\gmake" -k all 
gmake: Nothing to be done for `all'.

**** Build Finished ****

**** Build of configuration Debug for project lab1 ****

"c:\\ti\\ccsv6\\utils\\bin\\gmake" -k all 
'Building file: ../lab1.cpp'
'Invoking: GNU Compiler'
"C:/Users/Tingkai/Desktop/energia-0101E0014/hardware/tools/msp430/bin/msp430-gcc.exe" -c -mmcu=msp430g2553 -DF_CPU=16000000L -DARDUINO=101 -DENERGIA=12 -I"C:/Users/Tingkai/Desktop/energia-0101E0014/hardware/msp430/cores/msp430" -I"C:/Users/Tingkai/Desktop/energia-0101E0014/hardware/msp430/variants/launchpad" -I"C:/Users/Tingkai/Desktop/energia-0101E0014/hardware/tools/msp430/msp430/include" -Os -ffunction-sections -fdata-sections -g -gstrict-dwarf -Wall -MMD -MP -MF"lab1.d" -MT"lab1.d" -o"lab1.o"  "../lab1.cpp"
../lab1.cpp: In function 'void loop()':
../lab1.cpp:44:12: error: 'i' was not declared in this scope
gmake: *** [lab1.o] Error 1
gmake: Target `all' not remade because of errors.

**** Build Finished ****

**** Build of configuration Debug for project lpmsp430g2553_core ****

"c:\\ti\\ccsv6\\utils\\bin\\gmake" -k all 
gmake: Nothing to be done for `all'.

**** Build Finished ****

**** Build of configuration Debug for project lpmsp430g2553_core ****

"c:\\ti\\ccsv6\\utils\\bin\\gmake" -k all 
gmake: Nothing to be done for `all'.

**** Build Finished ****

**** Build of configuration Debug for project lab1 ****

"c:\\ti\\ccsv6\\utils\\bin\\gmake" -k all 
'Building file: ../lab1.cpp'
'Invoking: GNU Compiler'
"C:/Users/Tingkai/Desktop/energia-0101E0014/hardware/tools/msp430/bin/msp430-gcc.exe" -c -mmcu=msp430g2553 -DF_CPU=16000000L -DARDUINO=101 -DENERGIA=12 -I"C:/Users/Tingkai/Desktop/energia-0101E0014/hardware/msp430/cores/msp430" -I"C:/Users/Tingkai/Desktop/energia-0101E0014/hardware/msp430/variants/launchpad" -I"C:/Users/Tingkai/Desktop/energia-0101E0014/hardware/tools/msp430/msp430/include" -Os -ffunction-sections -fdata-sections -g -gstrict-dwarf -Wall -MMD -MP -MF"lab1.d" -MT"lab1.d" -o"lab1.o"  "../lab1.cpp"
../lab1.cpp: In function 'void loop()':
../lab1.cpp:46:27: error: __delay_cycles argument must be non-negative integer constant
gmake: *** [lab1.o] Error 1
gmake: Target `all' not remade because of errors.

**** Build Finished ****

**** Build of configuration Debug for project lpmsp430g2553_core ****

"c:\\ti\\ccsv6\\utils\\bin\\gmake" -k all 
gmake: Nothing to be done for `all'.

**** Build Finished ****

**** Build of configuration Debug for project lpmsp430g2553_core ****

"c:\\ti\\ccsv6\\utils\\bin\\gmake" -k all 
gmake: Nothing to be done for `all'.

**** Build Finished ****

**** Build of configuration Debug for project lab1 ****

"c:\\ti\\ccsv6\\utils\\bin\\gmake" -k all 
'Building file: ../lab1.cpp'
'Invoking: GNU Compiler'
"C:/Users/Tingkai/Desktop/energia-0101E0014/hardware/tools/msp430/bin/msp430-gcc.exe" -c -mmcu=msp430g2553 -DF_CPU=16000000L -DARDUINO=101 -DENERGIA=12 -I"C:/Users/Tingkai/Desktop/energia-0101E0014/hardware/msp430/cores/msp430" -I"C:/Users/Tingkai/Desktop/energia-0101E0014/hardware/msp430/variants/launchpad" -I"C:/Users/Tingkai/Desktop/energia-0101E0014/hardware/tools/msp430/msp430/include" -Os -ffunction-sections -fdata-sections -g -gstrict-dwarf -Wall -MMD -MP -MF"lab1.d" -MT"lab1.d" -o"lab1.o"  "../lab1.cpp"
../lab1.cpp: In function 'void loop()':
../lab1.cpp:47:27: error: __delay_cycles argument must be non-negative integer constant
gmake: *** [lab1.o] Error 1
gmake: Target `all' not remade because of errors.

**** Build Finished ****

**** Build of configuration Debug for project lpmsp430g2553_core ****

"c:\\ti\\ccsv6\\utils\\bin\\gmake" -k all 
gmake: Nothing to be done for `all'.

**** Build Finished ****

**** Build of configuration Debug for project lpmsp430g2553_core ****

"c:\\ti\\ccsv6\\utils\\bin\\gmake" -k all 
gmake: Nothing to be done for `all'.

**** Build Finished ****

**** Build of configuration Debug for project lab1 ****

"c:\\ti\\ccsv6\\utils\\bin\\gmake" -k all 
'Building file: ../lab1.cpp'
'Invoking: GNU Compiler'
"C:/Users/Tingkai/Desktop/energia-0101E0014/hardware/tools/msp430/bin/msp430-gcc.exe" -c -mmcu=msp430g2553 -DF_CPU=16000000L -DARDUINO=101 -DENERGIA=12 -I"C:/Users/Tingkai/Desktop/energia-0101E0014/hardware/msp430/cores/msp430" -I"C:/Users/Tingkai/Desktop/energia-0101E0014/hardware/msp430/variants/launchpad" -I"C:/Users/Tingkai/Desktop/energia-0101E0014/hardware/tools/msp430/msp430/include" -Os -ffunction-sections -fdata-sections -g -gstrict-dwarf -Wall -MMD -MP -MF"lab1.d" -MT"lab1.d" -o"lab1.o"  "../lab1.cpp"
'Finished building: ../lab1.cpp'
' '
'Building target: lab1.out'
'Invoking: GNU Linker'
"C:/Users/Tingkai/Desktop/energia-0101E0014/hardware/tools/msp430/bin/msp430-gcc.exe" -mmcu=msp430g2553 -DF_CPU=16000000L -DARDUINO=101 -DENERGIA=12 -Os -ffunction-sections -fdata-sections -g -gstrict-dwarf -Wall -Wl,-Map,"lab1.map" -Wl,--gc-sections -L"C:/Users/Tingkai/Desktop/TI/lpmsp430g2553_core/Debug" -Wl,--undefined,main -o"lab1.out" "./lab1.o"  -Wl,--start-group -l"lpmsp430g2553_core" -l"m" -Wl,--end-group 
'Finished building target: lab1.out'
' '
C:/Users/Tingkai/Desktop/energia-0101E0014/hardware/tools/msp430/bin/msp430-objcopy -O ihex -R .eeprom lab1.out lab1.hex
' '

**** Build Finished ****

**** Build of configuration Debug for project lpmsp430g2553_core ****

"c:\\ti\\ccsv6\\utils\\bin\\gmake" -k all 
gmake: Nothing to be done for `all'.

**** Build Finished ****

**** Build of configuration Debug for project lpmsp430g2553_core ****

"c:\\ti\\ccsv6\\utils\\bin\\gmake" -k all 
gmake: Nothing to be done for `all'.

**** Build Finished ****

**** Build of configuration Debug for project lab1 ****

"c:\\ti\\ccsv6\\utils\\bin\\gmake" -k all 
'Building file: ../lab1.cpp'
'Invoking: GNU Compiler'
"C:/Users/Tingkai/Desktop/energia-0101E0014/hardware/tools/msp430/bin/msp430-gcc.exe" -c -mmcu=msp430g2553 -DF_CPU=16000000L -DARDUINO=101 -DENERGIA=12 -I"C:/Users/Tingkai/Desktop/energia-0101E0014/hardware/msp430/cores/msp430" -I"C:/Users/Tingkai/Desktop/energia-0101E0014/hardware/msp430/variants/launchpad" -I"C:/Users/Tingkai/Desktop/energia-0101E0014/hardware/tools/msp430/msp430/include" -Os -ffunction-sections -fdata-sections -g -gstrict-dwarf -Wall -MMD -MP -MF"lab1.d" -MT"lab1.d" -o"lab1.o"  "../lab1.cpp"
'Finished building: ../lab1.cpp'
' '
'Building target: lab1.out'
'Invoking: GNU Linker'
"C:/Users/Tingkai/Desktop/energia-0101E0014/hardware/tools/msp430/bin/msp430-gcc.exe" -mmcu=msp430g2553 -DF_CPU=16000000L -DARDUINO=101 -DENERGIA=12 -Os -ffunction-sections -fdata-sections -g -gstrict-dwarf -Wall -Wl,-Map,"lab1.map" -Wl,--gc-sections -L"C:/Users/Tingkai/Desktop/TI/lpmsp430g2553_core/Debug" -Wl,--undefined,main -o"lab1.out" "./lab1.o"  -Wl,--start-group -l"lpmsp430g2553_core" -l"m" -Wl,--end-group 
'Finished building target: lab1.out'
' '
C:/Users/Tingkai/Desktop/energia-0101E0014/hardware/tools/msp430/bin/msp430-objcopy -O ihex -R .eeprom lab1.out lab1.hex
' '

**** Build Finished ****

**** Build of configuration Debug for project lpmsp430g2553_core ****

"c:\\ti\\ccsv6\\utils\\bin\\gmake" -k all 
gmake: Nothing to be done for `all'.

**** Build Finished ****

**** Build of configuration Debug for project lpmsp430g2553_core ****

"c:\\ti\\ccsv6\\utils\\bin\\gmake" -k all 
gmake: Nothing to be done for `all'.

**** Build Finished ****

**** Build of configuration Debug for project lab1 ****

"c:\\ti\\ccsv6\\utils\\bin\\gmake" -k all 
'Building file: ../lab1.cpp'
'Invoking: GNU Compiler'
"C:/Users/Tingkai/Desktop/energia-0101E0014/hardware/tools/msp430/bin/msp430-gcc.exe" -c -mmcu=msp430g2553 -DF_CPU=16000000L -DARDUINO=101 -DENERGIA=12 -I"C:/Users/Tingkai/Desktop/energia-0101E0014/hardware/msp430/cores/msp430" -I"C:/Users/Tingkai/Desktop/energia-0101E0014/hardware/msp430/variants/launchpad" -I"C:/Users/Tingkai/Desktop/energia-0101E0014/hardware/tools/msp430/msp430/include" -Os -ffunction-sections -fdata-sections -g -gstrict-dwarf -Wall -MMD -MP -MF"lab1.d" -MT"lab1.d" -o"lab1.o"  "../lab1.cpp"
../lab1.cpp: In function 'void loop()':
../lab1.cpp:40:5: warning: unused variable 'm' [-Wunused-variable]
../lab1.cpp:43:5: warning: unused variable 'd' [-Wunused-variable]
'Finished building: ../lab1.cpp'
' '
'Building target: lab1.out'
'Invoking: GNU Linker'
"C:/Users/Tingkai/Desktop/energia-0101E0014/hardware/tools/msp430/bin/msp430-gcc.exe" -mmcu=msp430g2553 -DF_CPU=16000000L -DARDUINO=101 -DENERGIA=12 -Os -ffunction-sections -fdata-sections -g -gstrict-dwarf -Wall -Wl,-Map,"lab1.map" -Wl,--gc-sections -L"C:/Users/Tingkai/Desktop/TI/lpmsp430g2553_core/Debug" -Wl,--undefined,main -o"lab1.out" "./lab1.o"  -Wl,--start-group -l"lpmsp430g2553_core" -l"m" -Wl,--end-group 
'Finished building target: lab1.out'
' '
C:/Users/Tingkai/Desktop/energia-0101E0014/hardware/tools/msp430/bin/msp430-objcopy -O ihex -R .eeprom lab1.out lab1.hex
' '

**** Build Finished ****

**** Build of configuration Debug for project lpmsp430g2553_core ****

"c:\\ti\\ccsv6\\utils\\bin\\gmake" -k all 
gmake: Nothing to be done for `all'.

**** Build Finished ****

**** Build of configuration Debug for project lpmsp430g2553_core ****

"c:\\ti\\ccsv6\\utils\\bin\\gmake" -k all 
gmake: Nothing to be done for `all'.

**** Build Finished ****

**** Build of configuration Debug for project lab1 ****

"c:\\ti\\ccsv6\\utils\\bin\\gmake" -k all 
'Building file: ../lab1.cpp'
'Invoking: GNU Compiler'
"C:/Users/Tingkai/Desktop/energia-0101E0014/hardware/tools/msp430/bin/msp430-gcc.exe" -c -mmcu=msp430g2553 -DF_CPU=16000000L -DARDUINO=101 -DENERGIA=12 -I"C:/Users/Tingkai/Desktop/energia-0101E0014/hardware/msp430/cores/msp430" -I"C:/Users/Tingkai/Desktop/energia-0101E0014/hardware/msp430/variants/launchpad" -I"C:/Users/Tingkai/Desktop/energia-0101E0014/hardware/tools/msp430/msp430/include" -Os -ffunction-sections -fdata-sections -g -gstrict-dwarf -Wall -MMD -MP -MF"lab1.d" -MT"lab1.d" -o"lab1.o"  "../lab1.cpp"
'Finished building: ../lab1.cpp'
' '
'Building target: lab1.out'
'Invoking: GNU Linker'
"C:/Users/Tingkai/Desktop/energia-0101E0014/hardware/tools/msp430/bin/msp430-gcc.exe" -mmcu=msp430g2553 -DF_CPU=16000000L -DARDUINO=101 -DENERGIA=12 -Os -ffunction-sections -fdata-sections -g -gstrict-dwarf -Wall -Wl,-Map,"lab1.map" -Wl,--gc-sections -L"C:/Users/Tingkai/Desktop/TI/lpmsp430g2553_core/Debug" -Wl,--undefined,main -o"lab1.out" "./lab1.o"  -Wl,--start-group -l"lpmsp430g2553_core" -l"m" -Wl,--end-group 
'Finished building target: lab1.out'
' '
C:/Users/Tingkai/Desktop/energia-0101E0014/hardware/tools/msp430/bin/msp430-objcopy -O ihex -R .eeprom lab1.out lab1.hex
' '

**** Build Finished ****

**** Build of configuration Debug for project lpmsp430g2553_core ****

"c:\\ti\\ccsv6\\utils\\bin\\gmake" -k all 
gmake: Nothing to be done for `all'.

**** Build Finished ****

**** Build of configuration Debug for project lpmsp430g2553_core ****

"c:\\ti\\ccsv6\\utils\\bin\\gmake" -k all 
gmake: Nothing to be done for `all'.

**** Build Finished ****

**** Build of configuration Debug for project lab1 ****

"c:\\ti\\ccsv6\\utils\\bin\\gmake" -k all 
'Building file: ../lab1.cpp'
'Invoking: GNU Compiler'
"C:/Users/Tingkai/Desktop/energia-0101E0014/hardware/tools/msp430/bin/msp430-gcc.exe" -c -mmcu=msp430g2553 -DF_CPU=16000000L -DARDUINO=101 -DENERGIA=12 -I"C:/Users/Tingkai/Desktop/energia-0101E0014/hardware/msp430/cores/msp430" -I"C:/Users/Tingkai/Desktop/energia-0101E0014/hardware/msp430/variants/launchpad" -I"C:/Users/Tingkai/Desktop/energia-0101E0014/hardware/tools/msp430/msp430/include" -Os -ffunction-sections -fdata-sections -g -gstrict-dwarf -Wall -MMD -MP -MF"lab1.d" -MT"lab1.d" -o"lab1.o"  "../lab1.cpp"
'Finished building: ../lab1.cpp'
' '
'Building target: lab1.out'
'Invoking: GNU Linker'
"C:/Users/Tingkai/Desktop/energia-0101E0014/hardware/tools/msp430/bin/msp430-gcc.exe" -mmcu=msp430g2553 -DF_CPU=16000000L -DARDUINO=101 -DENERGIA=12 -Os -ffunction-sections -fdata-sections -g -gstrict-dwarf -Wall -Wl,-Map,"lab1.map" -Wl,--gc-sections -L"C:/Users/Tingkai/Desktop/TI/lpmsp430g2553_core/Debug" -Wl,--undefined,main -o"lab1.out" "./lab1.o"  -Wl,--start-group -l"lpmsp430g2553_core" -l"m" -Wl,--end-group 
'Finished building target: lab1.out'
' '
C:/Users/Tingkai/Desktop/energia-0101E0014/hardware/tools/msp430/bin/msp430-objcopy -O ihex -R .eeprom lab1.out lab1.hex
' '

**** Build Finished ****

**** Build of configuration Debug for project lpmsp430g2553_core ****

"c:\\ti\\ccsv6\\utils\\bin\\gmake" -k all 
gmake: Nothing to be done for `all'.

**** Build Finished ****

**** Build of configuration Debug for project lpmsp430g2553_core ****

"c:\\ti\\ccsv6\\utils\\bin\\gmake" -k all 
gmake: Nothing to be done for `all'.

**** Build Finished ****

**** Build of configuration Debug for project lab1 ****

"c:\\ti\\ccsv6\\utils\\bin\\gmake" -k all 
'Building file: ../lab1.cpp'
'Invoking: GNU Compiler'
"C:/Users/Tingkai/Desktop/energia-0101E0014/hardware/tools/msp430/bin/msp430-gcc.exe" -c -mmcu=msp430g2553 -DF_CPU=16000000L -DARDUINO=101 -DENERGIA=12 -I"C:/Users/Tingkai/Desktop/energia-0101E0014/hardware/msp430/cores/msp430" -I"C:/Users/Tingkai/Desktop/energia-0101E0014/hardware/msp430/variants/launchpad" -I"C:/Users/Tingkai/Desktop/energia-0101E0014/hardware/tools/msp430/msp430/include" -Os -ffunction-sections -fdata-sections -g -gstrict-dwarf -Wall -MMD -MP -MF"lab1.d" -MT"lab1.d" -o"lab1.o"  "../lab1.cpp"
'Finished building: ../lab1.cpp'
' '
'Building target: lab1.out'
'Invoking: GNU Linker'
"C:/Users/Tingkai/Desktop/energia-0101E0014/hardware/tools/msp430/bin/msp430-gcc.exe" -mmcu=msp430g2553 -DF_CPU=16000000L -DARDUINO=101 -DENERGIA=12 -Os -ffunction-sections -fdata-sections -g -gstrict-dwarf -Wall -Wl,-Map,"lab1.map" -Wl,--gc-sections -L"C:/Users/Tingkai/Desktop/TI/lpmsp430g2553_core/Debug" -Wl,--undefined,main -o"lab1.out" "./lab1.o"  -Wl,--start-group -l"lpmsp430g2553_core" -l"m" -Wl,--end-group 
'Finished building target: lab1.out'
' '
C:/Users/Tingkai/Desktop/energia-0101E0014/hardware/tools/msp430/bin/msp430-objcopy -O ihex -R .eeprom lab1.out lab1.hex
' '

**** Build Finished ****

**** Build of configuration Debug for project lpmsp430g2553_core ****

"c:\\ti\\ccsv6\\utils\\bin\\gmake" -k all 
gmake: Nothing to be done for `all'.

**** Build Finished ****

**** Build of configuration Debug for project lpmsp430g2553_core ****

"c:\\ti\\ccsv6\\utils\\bin\\gmake" -k all 
gmake: Nothing to be done for `all'.

**** Build Finished ****

**** Build of configuration Debug for project lab1 ****

"c:\\ti\\ccsv6\\utils\\bin\\gmake" -k all 
'Building file: ../lab1.cpp'
'Invoking: GNU Compiler'
"C:/Users/Tingkai/Desktop/energia-0101E0014/hardware/tools/msp430/bin/msp430-gcc.exe" -c -mmcu=msp430g2553 -DF_CPU=16000000L -DARDUINO=101 -DENERGIA=12 -I"C:/Users/Tingkai/Desktop/energia-0101E0014/hardware/msp430/cores/msp430" -I"C:/Users/Tingkai/Desktop/energia-0101E0014/hardware/msp430/variants/launchpad" -I"C:/Users/Tingkai/Desktop/energia-0101E0014/hardware/tools/msp430/msp430/include" -Os -ffunction-sections -fdata-sections -g -gstrict-dwarf -Wall -MMD -MP -MF"lab1.d" -MT"lab1.d" -o"lab1.o"  "../lab1.cpp"
../lab1.cpp: In function 'void loop()':
../lab1.cpp:42:11: error: expected primary-expression before '...' token
../lab1.cpp:42:15: error: expected '}' before '--' token
../lab1.cpp:42:15: error: expected ',' or ';' before '--' token
../lab1.cpp:42:6: warning: unused variable 'm' [-Wunused-variable]
../lab1.cpp: At global scope:
../lab1.cpp:46:19: error: 'm' was not declared in this scope
../lab1.cpp:46:29: error: 'm' was not declared in this scope
../lab1.cpp:49:6: error: expected unqualified-id before 'while'
gmake: *** [lab1.o] Error 1
gmake: Target `all' not remade because of errors.

**** Build Finished ****

**** Build of configuration Debug for project lpmsp430g2553_core ****

"c:\\ti\\ccsv6\\utils\\bin\\gmake" -k all 
gmake: Nothing to be done for `all'.

**** Build Finished ****

**** Build of configuration Debug for project lpmsp430g2553_core ****

"c:\\ti\\ccsv6\\utils\\bin\\gmake" -k all 
gmake: Nothing to be done for `all'.

**** Build Finished ****

**** Build of configuration Debug for project lab1 ****

"c:\\ti\\ccsv6\\utils\\bin\\gmake" -k all 
'Building file: ../lab1.cpp'
'Invoking: GNU Compiler'
"C:/Users/Tingkai/Desktop/energia-0101E0014/hardware/tools/msp430/bin/msp430-gcc.exe" -c -mmcu=msp430g2553 -DF_CPU=16000000L -DARDUINO=101 -DENERGIA=12 -I"C:/Users/Tingkai/Desktop/energia-0101E0014/hardware/msp430/cores/msp430" -I"C:/Users/Tingkai/Desktop/energia-0101E0014/hardware/msp430/variants/launchpad" -I"C:/Users/Tingkai/Desktop/energia-0101E0014/hardware/tools/msp430/msp430/include" -Os -ffunction-sections -fdata-sections -g -gstrict-dwarf -Wall -MMD -MP -MF"lab1.d" -MT"lab1.d" -o"lab1.o"  "../lab1.cpp"
../lab1.cpp: In function 'void loop()':
../lab1.cpp:64:8: error: expected '}' before 'else'
../lab1.cpp: At global scope:
../lab1.cpp:87:1: error: expected declaration before '}' token
gmake: *** [lab1.o] Error 1
gmake: Target `all' not remade because of errors.

**** Build Finished ****

**** Build of configuration Debug for project lpmsp430g2553_core ****

"c:\\ti\\ccsv6\\utils\\bin\\gmake" -k all 
gmake: Nothing to be done for `all'.

**** Build Finished ****

**** Build of configuration Debug for project lpmsp430g2553_core ****

"c:\\ti\\ccsv6\\utils\\bin\\gmake" -k all 
gmake: Nothing to be done for `all'.

**** Build Finished ****

**** Build of configuration Debug for project lab1 ****

"c:\\ti\\ccsv6\\utils\\bin\\gmake" -k all 
'Building file: ../lab1.cpp'
'Invoking: GNU Compiler'
"C:/Users/Tingkai/Desktop/energia-0101E0014/hardware/tools/msp430/bin/msp430-gcc.exe" -c -mmcu=msp430g2553 -DF_CPU=16000000L -DARDUINO=101 -DENERGIA=12 -I"C:/Users/Tingkai/Desktop/energia-0101E0014/hardware/msp430/cores/msp430" -I"C:/Users/Tingkai/Desktop/energia-0101E0014/hardware/msp430/variants/launchpad" -I"C:/Users/Tingkai/Desktop/energia-0101E0014/hardware/tools/msp430/msp430/include" -Os -ffunction-sections -fdata-sections -g -gstrict-dwarf -Wall -MMD -MP -MF"lab1.d" -MT"lab1.d" -o"lab1.o"  "../lab1.cpp"
../lab1.cpp: In function 'void loop()':
../lab1.cpp:70:8: warning: 'f' may be used uninitialized in this function [-Wuninitialized]
'Finished building: ../lab1.cpp'
' '
'Building target: lab1.out'
'Invoking: GNU Linker'
"C:/Users/Tingkai/Desktop/energia-0101E0014/hardware/tools/msp430/bin/msp430-gcc.exe" -mmcu=msp430g2553 -DF_CPU=16000000L -DARDUINO=101 -DENERGIA=12 -Os -ffunction-sections -fdata-sections -g -gstrict-dwarf -Wall -Wl,-Map,"lab1.map" -Wl,--gc-sections -L"C:/Users/Tingkai/Desktop/TI/lpmsp430g2553_core/Debug" -Wl,--undefined,main -o"lab1.out" "./lab1.o"  -Wl,--start-group -l"lpmsp430g2553_core" -l"m" -Wl,--end-group 
'Finished building target: lab1.out'
' '
C:/Users/Tingkai/Desktop/energia-0101E0014/hardware/tools/msp430/bin/msp430-objcopy -O ihex -R .eeprom lab1.out lab1.hex
' '

**** Build Finished ****

**** Build of configuration Debug for project lpmsp430g2553_core ****

"c:\\ti\\ccsv6\\utils\\bin\\gmake" -k all 
gmake: Nothing to be done for `all'.

**** Build Finished ****

**** Build of configuration Debug for project lpmsp430g2553_core ****

"c:\\ti\\ccsv6\\utils\\bin\\gmake" -k all 
gmake: Nothing to be done for `all'.

**** Build Finished ****

**** Build of configuration Debug for project lab1 ****

"c:\\ti\\ccsv6\\utils\\bin\\gmake" -k all 
'Building file: ../lab1.cpp'
'Invoking: GNU Compiler'
"C:/Users/Tingkai/Desktop/energia-0101E0014/hardware/tools/msp430/bin/msp430-gcc.exe" -c -mmcu=msp430g2553 -DF_CPU=16000000L -DARDUINO=101 -DENERGIA=12 -I"C:/Users/Tingkai/Desktop/energia-0101E0014/hardware/msp430/cores/msp430" -I"C:/Users/Tingkai/Desktop/energia-0101E0014/hardware/msp430/variants/launchpad" -I"C:/Users/Tingkai/Desktop/energia-0101E0014/hardware/tools/msp430/msp430/include" -Os -ffunction-sections -fdata-sections -g -gstrict-dwarf -Wall -MMD -MP -MF"lab1.d" -MT"lab1.d" -o"lab1.o"  "../lab1.cpp"
../lab1.cpp: In function 'void loop()':
../lab1.cpp:70:8: warning: 'f' may be used uninitialized in this function [-Wuninitialized]
'Finished building: ../lab1.cpp'
' '
'Building target: lab1.out'
'Invoking: GNU Linker'
"C:/Users/Tingkai/Desktop/energia-0101E0014/hardware/tools/msp430/bin/msp430-gcc.exe" -mmcu=msp430g2553 -DF_CPU=16000000L -DARDUINO=101 -DENERGIA=12 -Os -ffunction-sections -fdata-sections -g -gstrict-dwarf -Wall -Wl,-Map,"lab1.map" -Wl,--gc-sections -L"C:/Users/Tingkai/Desktop/TI/lpmsp430g2553_core/Debug" -Wl,--undefined,main -o"lab1.out" "./lab1.o"  -Wl,--start-group -l"lpmsp430g2553_core" -l"m" -Wl,--end-group 
'Finished building target: lab1.out'
' '
C:/Users/Tingkai/Desktop/energia-0101E0014/hardware/tools/msp430/bin/msp430-objcopy -O ihex -R .eeprom lab1.out lab1.hex
' '

**** Build Finished ****

**** Build of configuration Debug for project lpmsp430g2553_core ****

"c:\\ti\\ccsv6\\utils\\bin\\gmake" -k all 
gmake: Nothing to be done for `all'.

**** Build Finished ****

**** Build of configuration Debug for project lpmsp430g2553_core ****

"c:\\ti\\ccsv6\\utils\\bin\\gmake" -k all 
gmake: Nothing to be done for `all'.

**** Build Finished ****

**** Build of configuration Debug for project lab1 ****

"c:\\ti\\ccsv6\\utils\\bin\\gmake" -k all 
'Building file: ../lab1.cpp'
'Invoking: GNU Compiler'
"C:/Users/Tingkai/Desktop/energia-0101E0014/hardware/tools/msp430/bin/msp430-gcc.exe" -c -mmcu=msp430g2553 -DF_CPU=16000000L -DARDUINO=101 -DENERGIA=12 -I"C:/Users/Tingkai/Desktop/energia-0101E0014/hardware/msp430/cores/msp430" -I"C:/Users/Tingkai/Desktop/energia-0101E0014/hardware/msp430/variants/launchpad" -I"C:/Users/Tingkai/Desktop/energia-0101E0014/hardware/tools/msp430/msp430/include" -Os -ffunction-sections -fdata-sections -g -gstrict-dwarf -Wall -MMD -MP -MF"lab1.d" -MT"lab1.d" -o"lab1.o"  "../lab1.cpp"
../lab1.cpp: In function 'void loop()':
../lab1.cpp:70:8: warning: 'f' may be used uninitialized in this function [-Wuninitialized]
'Finished building: ../lab1.cpp'
' '
'Building target: lab1.out'
'Invoking: GNU Linker'
"C:/Users/Tingkai/Desktop/energia-0101E0014/hardware/tools/msp430/bin/msp430-gcc.exe" -mmcu=msp430g2553 -DF_CPU=16000000L -DARDUINO=101 -DENERGIA=12 -Os -ffunction-sections -fdata-sections -g -gstrict-dwarf -Wall -Wl,-Map,"lab1.map" -Wl,--gc-sections -L"C:/Users/Tingkai/Desktop/TI/lpmsp430g2553_core/Debug" -Wl,--undefined,main -o"lab1.out" "./lab1.o"  -Wl,--start-group -l"lpmsp430g2553_core" -l"m" -Wl,--end-group 
'Finished building target: lab1.out'
' '
C:/Users/Tingkai/Desktop/energia-0101E0014/hardware/tools/msp430/bin/msp430-objcopy -O ihex -R .eeprom lab1.out lab1.hex
' '

**** Build Finished ****

**** Build of configuration Debug for project lpmsp430g2553_core ****

"c:\\ti\\ccsv6\\utils\\bin\\gmake" -k all 
gmake: Nothing to be done for `all'.

**** Build Finished ****

**** Build of configuration Debug for project lpmsp430g2553_core ****

"c:\\ti\\ccsv6\\utils\\bin\\gmake" -k all 
gmake: Nothing to be done for `all'.

**** Build Finished ****

**** Build of configuration Debug for project lab1 ****

"c:\\ti\\ccsv6\\utils\\bin\\gmake" -k all 
'Building file: ../lab1.cpp'
'Invoking: GNU Compiler'
"C:/Users/Tingkai/Desktop/energia-0101E0014/hardware/tools/msp430/bin/msp430-gcc.exe" -c -mmcu=msp430g2553 -DF_CPU=16000000L -DARDUINO=101 -DENERGIA=12 -I"C:/Users/Tingkai/Desktop/energia-0101E0014/hardware/msp430/cores/msp430" -I"C:/Users/Tingkai/Desktop/energia-0101E0014/hardware/msp430/variants/launchpad" -I"C:/Users/Tingkai/Desktop/energia-0101E0014/hardware/tools/msp430/msp430/include" -Os -ffunction-sections -fdata-sections -g -gstrict-dwarf -Wall -MMD -MP -MF"lab1.d" -MT"lab1.d" -o"lab1.o"  "../lab1.cpp"
'Finished building: ../lab1.cpp'
' '
'Building target: lab1.out'
'Invoking: GNU Linker'
"C:/Users/Tingkai/Desktop/energia-0101E0014/hardware/tools/msp430/bin/msp430-gcc.exe" -mmcu=msp430g2553 -DF_CPU=16000000L -DARDUINO=101 -DENERGIA=12 -Os -ffunction-sections -fdata-sections -g -gstrict-dwarf -Wall -Wl,-Map,"lab1.map" -Wl,--gc-sections -L"C:/Users/Tingkai/Desktop/TI/lpmsp430g2553_core/Debug" -Wl,--undefined,main -o"lab1.out" "./lab1.o"  -Wl,--start-group -l"lpmsp430g2553_core" -l"m" -Wl,--end-group 
'Finished building target: lab1.out'
' '
C:/Users/Tingkai/Desktop/energia-0101E0014/hardware/tools/msp430/bin/msp430-objcopy -O ihex -R .eeprom lab1.out lab1.hex
' '

**** Build Finished ****

**** Build of configuration Debug for project lpmsp430g2553_core ****

"c:\\ti\\ccsv6\\utils\\bin\\gmake" -k all 
gmake: Nothing to be done for `all'.

**** Build Finished ****

**** Build of configuration Debug for project lpmsp430g2553_core ****

"c:\\ti\\ccsv6\\utils\\bin\\gmake" -k all 
gmake: Nothing to be done for `all'.

**** Build Finished ****

**** Build of configuration Debug for project lab1 ****

"c:\\ti\\ccsv6\\utils\\bin\\gmake" -k all 
'Building file: ../lab1.cpp'
'Invoking: GNU Compiler'
"C:/Users/Tingkai/Desktop/energia-0101E0014/hardware/tools/msp430/bin/msp430-gcc.exe" -c -mmcu=msp430g2553 -DF_CPU=16000000L -DARDUINO=101 -DENERGIA=12 -I"C:/Users/Tingkai/Desktop/energia-0101E0014/hardware/msp430/cores/msp430" -I"C:/Users/Tingkai/Desktop/energia-0101E0014/hardware/msp430/variants/launchpad" -I"C:/Users/Tingkai/Desktop/energia-0101E0014/hardware/tools/msp430/msp430/include" -Os -ffunction-sections -fdata-sections -g -gstrict-dwarf -Wall -MMD -MP -MF"lab1.d" -MT"lab1.d" -o"lab1.o"  "../lab1.cpp"
'Finished building: ../lab1.cpp'
' '
'Building target: lab1.out'
'Invoking: GNU Linker'
"C:/Users/Tingkai/Desktop/energia-0101E0014/hardware/tools/msp430/bin/msp430-gcc.exe" -mmcu=msp430g2553 -DF_CPU=16000000L -DARDUINO=101 -DENERGIA=12 -Os -ffunction-sections -fdata-sections -g -gstrict-dwarf -Wall -Wl,-Map,"lab1.map" -Wl,--gc-sections -L"C:/Users/Tingkai/Desktop/TI/lpmsp430g2553_core/Debug" -Wl,--undefined,main -o"lab1.out" "./lab1.o"  -Wl,--start-group -l"lpmsp430g2553_core" -l"m" -Wl,--end-group 
'Finished building target: lab1.out'
' '
C:/Users/Tingkai/Desktop/energia-0101E0014/hardware/tools/msp430/bin/msp430-objcopy -O ihex -R .eeprom lab1.out lab1.hex
' '

**** Build Finished ****

**** Build of configuration Debug for project lpmsp430g2553_core ****

"c:\\ti\\ccsv6\\utils\\bin\\gmake" -k all 
gmake: Nothing to be done for `all'.

**** Build Finished ****

**** Build of configuration Debug for project lpmsp430g2553_core ****

"c:\\ti\\ccsv6\\utils\\bin\\gmake" -k all 
gmake: Nothing to be done for `all'.

**** Build Finished ****

**** Build of configuration Debug for project lab1 ****

"c:\\ti\\ccsv6\\utils\\bin\\gmake" -k all 
'Building file: ../lab1.cpp'
'Invoking: GNU Compiler'
"C:/Users/Tingkai/Desktop/energia-0101E0014/hardware/tools/msp430/bin/msp430-gcc.exe" -c -mmcu=msp430g2553 -DF_CPU=16000000L -DARDUINO=101 -DENERGIA=12 -I"C:/Users/Tingkai/Desktop/energia-0101E0014/hardware/msp430/cores/msp430" -I"C:/Users/Tingkai/Desktop/energia-0101E0014/hardware/msp430/variants/launchpad" -I"C:/Users/Tingkai/Desktop/energia-0101E0014/hardware/tools/msp430/msp430/include" -Os -ffunction-sections -fdata-sections -g -gstrict-dwarf -Wall -MMD -MP -MF"lab1.d" -MT"lab1.d" -o"lab1.o"  "../lab1.cpp"
'Finished building: ../lab1.cpp'
' '
'Building target: lab1.out'
'Invoking: GNU Linker'
"C:/Users/Tingkai/Desktop/energia-0101E0014/hardware/tools/msp430/bin/msp430-gcc.exe" -mmcu=msp430g2553 -DF_CPU=16000000L -DARDUINO=101 -DENERGIA=12 -Os -ffunction-sections -fdata-sections -g -gstrict-dwarf -Wall -Wl,-Map,"lab1.map" -Wl,--gc-sections -L"C:/Users/Tingkai/Desktop/TI/lpmsp430g2553_core/Debug" -Wl,--undefined,main -o"lab1.out" "./lab1.o"  -Wl,--start-group -l"lpmsp430g2553_core" -l"m" -Wl,--end-group 
'Finished building target: lab1.out'
' '
C:/Users/Tingkai/Desktop/energia-0101E0014/hardware/tools/msp430/bin/msp430-objcopy -O ihex -R .eeprom lab1.out lab1.hex
' '

**** Build Finished ****

**** Build of configuration Debug for project lpmsp430g2553_core ****

"c:\\ti\\ccsv6\\utils\\bin\\gmake" -k all 
gmake: Nothing to be done for `all'.

**** Build Finished ****

**** Build of configuration Debug for project lpmsp430g2553_core ****

"c:\\ti\\ccsv6\\utils\\bin\\gmake" -k all 
gmake: Nothing to be done for `all'.

**** Build Finished ****

**** Build of configuration Debug for project lab1 ****

"c:\\ti\\ccsv6\\utils\\bin\\gmake" -k all 
'Building file: ../lab1.cpp'
'Invoking: GNU Compiler'
"C:/Users/Tingkai/Desktop/energia-0101E0014/hardware/tools/msp430/bin/msp430-gcc.exe" -c -mmcu=msp430g2553 -DF_CPU=16000000L -DARDUINO=101 -DENERGIA=12 -I"C:/Users/Tingkai/Desktop/energia-0101E0014/hardware/msp430/cores/msp430" -I"C:/Users/Tingkai/Desktop/energia-0101E0014/hardware/msp430/variants/launchpad" -I"C:/Users/Tingkai/Desktop/energia-0101E0014/hardware/tools/msp430/msp430/include" -Os -ffunction-sections -fdata-sections -g -gstrict-dwarf -Wall -MMD -MP -MF"lab1.d" -MT"lab1.d" -o"lab1.o"  "../lab1.cpp"
../lab1.cpp: In function 'void loop()':
../lab1.cpp:46:5: warning: unused variable 'length' [-Wunused-variable]
'Finished building: ../lab1.cpp'
' '
'Building target: lab1.out'
'Invoking: GNU Linker'
"C:/Users/Tingkai/Desktop/energia-0101E0014/hardware/tools/msp430/bin/msp430-gcc.exe" -mmcu=msp430g2553 -DF_CPU=16000000L -DARDUINO=101 -DENERGIA=12 -Os -ffunction-sections -fdata-sections -g -gstrict-dwarf -Wall -Wl,-Map,"lab1.map" -Wl,--gc-sections -L"C:/Users/Tingkai/Desktop/TI/lpmsp430g2553_core/Debug" -Wl,--undefined,main -o"lab1.out" "./lab1.o"  -Wl,--start-group -l"lpmsp430g2553_core" -l"m" -Wl,--end-group 
'Finished building target: lab1.out'
' '
C:/Users/Tingkai/Desktop/energia-0101E0014/hardware/tools/msp430/bin/msp430-objcopy -O ihex -R .eeprom lab1.out lab1.hex
' '

**** Build Finished ****

**** Build of configuration Debug for project lpmsp430g2553_core ****

"c:\\ti\\ccsv6\\utils\\bin\\gmake" -k all 
gmake: Nothing to be done for `all'.

**** Build Finished ****

**** Build of configuration Debug for project lpmsp430g2553_core ****

"c:\\ti\\ccsv6\\utils\\bin\\gmake" -k all 
gmake: Nothing to be done for `all'.

**** Build Finished ****

**** Build of configuration Debug for project lab1 ****

"c:\\ti\\ccsv6\\utils\\bin\\gmake" -k all 
'Building file: ../lab1.cpp'
'Invoking: GNU Compiler'
"C:/Users/Tingkai/Desktop/energia-0101E0014/hardware/tools/msp430/bin/msp430-gcc.exe" -c -mmcu=msp430g2553 -DF_CPU=16000000L -DARDUINO=101 -DENERGIA=12 -I"C:/Users/Tingkai/Desktop/energia-0101E0014/hardware/msp430/cores/msp430" -I"C:/Users/Tingkai/Desktop/energia-0101E0014/hardware/msp430/variants/launchpad" -I"C:/Users/Tingkai/Desktop/energia-0101E0014/hardware/tools/msp430/msp430/include" -Os -ffunction-sections -fdata-sections -g -gstrict-dwarf -Wall -MMD -MP -MF"lab1.d" -MT"lab1.d" -o"lab1.o"  "../lab1.cpp"
'Finished building: ../lab1.cpp'
' '
'Building target: lab1.out'
'Invoking: GNU Linker'
"C:/Users/Tingkai/Desktop/energia-0101E0014/hardware/tools/msp430/bin/msp430-gcc.exe" -mmcu=msp430g2553 -DF_CPU=16000000L -DARDUINO=101 -DENERGIA=12 -Os -ffunction-sections -fdata-sections -g -gstrict-dwarf -Wall -Wl,-Map,"lab1.map" -Wl,--gc-sections -L"C:/Users/Tingkai/Desktop/TI/lpmsp430g2553_core/Debug" -Wl,--undefined,main -o"lab1.out" "./lab1.o"  -Wl,--start-group -l"lpmsp430g2553_core" -l"m" -Wl,--end-group 
'Finished building target: lab1.out'
' '
C:/Users/Tingkai/Desktop/energia-0101E0014/hardware/tools/msp430/bin/msp430-objcopy -O ihex -R .eeprom lab1.out lab1.hex
' '

**** Build Finished ****

**** Build of configuration Debug for project lpmsp430g2553_core ****

"c:\\ti\\ccsv6\\utils\\bin\\gmake" -k all 
gmake: Nothing to be done for `all'.

**** Build Finished ****

**** Build of configuration Debug for project lpmsp430g2553_core ****

"c:\\ti\\ccsv6\\utils\\bin\\gmake" -k all 
gmake: Nothing to be done for `all'.

**** Build Finished ****

**** Build of configuration Debug for project lab1 ****

"c:\\ti\\ccsv6\\utils\\bin\\gmake" -k all 
'Building file: ../lab1.cpp'
'Invoking: GNU Compiler'
"C:/Users/Tingkai/Desktop/energia-0101E0014/hardware/tools/msp430/bin/msp430-gcc.exe" -c -mmcu=msp430g2553 -DF_CPU=16000000L -DARDUINO=101 -DENERGIA=12 -I"C:/Users/Tingkai/Desktop/energia-0101E0014/hardware/msp430/cores/msp430" -I"C:/Users/Tingkai/Desktop/energia-0101E0014/hardware/msp430/variants/launchpad" -I"C:/Users/Tingkai/Desktop/energia-0101E0014/hardware/tools/msp430/msp430/include" -Os -ffunction-sections -fdata-sections -g -gstrict-dwarf -Wall -MMD -MP -MF"lab1.d" -MT"lab1.d" -o"lab1.o"  "../lab1.cpp"
'Finished building: ../lab1.cpp'
' '
'Building target: lab1.out'
'Invoking: GNU Linker'
"C:/Users/Tingkai/Desktop/energia-0101E0014/hardware/tools/msp430/bin/msp430-gcc.exe" -mmcu=msp430g2553 -DF_CPU=16000000L -DARDUINO=101 -DENERGIA=12 -Os -ffunction-sections -fdata-sections -g -gstrict-dwarf -Wall -Wl,-Map,"lab1.map" -Wl,--gc-sections -L"C:/Users/Tingkai/Desktop/TI/lpmsp430g2553_core/Debug" -Wl,--undefined,main -o"lab1.out" "./lab1.o"  -Wl,--start-group -l"lpmsp430g2553_core" -l"m" -Wl,--end-group 
'Finished building target: lab1.out'
' '
C:/Users/Tingkai/Desktop/energia-0101E0014/hardware/tools/msp430/bin/msp430-objcopy -O ihex -R .eeprom lab1.out lab1.hex
' '

**** Build Finished ****

**** Build of configuration Debug for project lpmsp430g2553_core ****

"c:\\ti\\ccsv6\\utils\\bin\\gmake" -k all 
gmake: Nothing to be done for `all'.

**** Build Finished ****

**** Build of configuration Debug for project lpmsp430g2553_core ****

"c:\\ti\\ccsv6\\utils\\bin\\gmake" -k all 
gmake: Nothing to be done for `all'.

**** Build Finished ****

**** Build of configuration Debug for project lab1 ****

"c:\\ti\\ccsv6\\utils\\bin\\gmake" -k all 
'Building file: ../lab1.cpp'
'Invoking: GNU Compiler'
"C:/Users/Tingkai/Desktop/energia-0101E0014/hardware/tools/msp430/bin/msp430-gcc.exe" -c -mmcu=msp430g2553 -DF_CPU=16000000L -DARDUINO=101 -DENERGIA=12 -I"C:/Users/Tingkai/Desktop/energia-0101E0014/hardware/msp430/cores/msp430" -I"C:/Users/Tingkai/Desktop/energia-0101E0014/hardware/msp430/variants/launchpad" -I"C:/Users/Tingkai/Desktop/energia-0101E0014/hardware/tools/msp430/msp430/include" -Os -ffunction-sections -fdata-sections -g -gstrict-dwarf -Wall -MMD -MP -MF"lab1.d" -MT"lab1.d" -o"lab1.o"  "../lab1.cpp"
'Finished building: ../lab1.cpp'
' '
'Building target: lab1.out'
'Invoking: GNU Linker'
"C:/Users/Tingkai/Desktop/energia-0101E0014/hardware/tools/msp430/bin/msp430-gcc.exe" -mmcu=msp430g2553 -DF_CPU=16000000L -DARDUINO=101 -DENERGIA=12 -Os -ffunction-sections -fdata-sections -g -gstrict-dwarf -Wall -Wl,-Map,"lab1.map" -Wl,--gc-sections -L"C:/Users/Tingkai/Desktop/TI/lpmsp430g2553_core/Debug" -Wl,--undefined,main -o"lab1.out" "./lab1.o"  -Wl,--start-group -l"lpmsp430g2553_core" -l"m" -Wl,--end-group 
'Finished building target: lab1.out'
' '
C:/Users/Tingkai/Desktop/energia-0101E0014/hardware/tools/msp430/bin/msp430-objcopy -O ihex -R .eeprom lab1.out lab1.hex
' '

**** Build Finished ****

**** Build of configuration Debug for project lpmsp430g2553_core ****

"c:\\ti\\ccsv6\\utils\\bin\\gmake" -k all 
gmake: Nothing to be done for `all'.

**** Build Finished ****

**** Build of configuration Debug for project lpmsp430g2553_core ****

"c:\\ti\\ccsv6\\utils\\bin\\gmake" -k all 
gmake: Nothing to be done for `all'.

**** Build Finished ****

**** Build of configuration Debug for project lab1 ****

"c:\\ti\\ccsv6\\utils\\bin\\gmake" -k all 
'Building file: ../lab1.cpp'
'Invoking: GNU Compiler'
"C:/Users/Tingkai/Desktop/energia-0101E0014/hardware/tools/msp430/bin/msp430-gcc.exe" -c -mmcu=msp430g2553 -DF_CPU=16000000L -DARDUINO=101 -DENERGIA=12 -I"C:/Users/Tingkai/Desktop/energia-0101E0014/hardware/msp430/cores/msp430" -I"C:/Users/Tingkai/Desktop/energia-0101E0014/hardware/msp430/variants/launchpad" -I"C:/Users/Tingkai/Desktop/energia-0101E0014/hardware/tools/msp430/msp430/include" -Os -ffunction-sections -fdata-sections -g -gstrict-dwarf -Wall -MMD -MP -MF"lab1.d" -MT"lab1.d" -o"lab1.o"  "../lab1.cpp"
../lab1.cpp: In function 'void loop()':
../lab1.cpp:44:1: error: expected ',' or ';' before 'int'
../lab1.cpp:51:18: error: 'i' was not declared in this scope
gmake: *** [lab1.o] Error 1
gmake: Target `all' not remade because of errors.

**** Build Finished ****

**** Build of configuration Debug for project lpmsp430g2553_core ****

"c:\\ti\\ccsv6\\utils\\bin\\gmake" -k all 
gmake: Nothing to be done for `all'.

**** Build Finished ****

**** Build of configuration Debug for project lpmsp430g2553_core ****

"c:\\ti\\ccsv6\\utils\\bin\\gmake" -k all 
gmake: Nothing to be done for `all'.

**** Build Finished ****

**** Build of configuration Debug for project lab1 ****

"c:\\ti\\ccsv6\\utils\\bin\\gmake" -k all 
'Building file: ../lab1.cpp'
'Invoking: GNU Compiler'
"C:/Users/Tingkai/Desktop/energia-0101E0014/hardware/tools/msp430/bin/msp430-gcc.exe" -c -mmcu=msp430g2553 -DF_CPU=16000000L -DARDUINO=101 -DENERGIA=12 -I"C:/Users/Tingkai/Desktop/energia-0101E0014/hardware/msp430/cores/msp430" -I"C:/Users/Tingkai/Desktop/energia-0101E0014/hardware/msp430/variants/launchpad" -I"C:/Users/Tingkai/Desktop/energia-0101E0014/hardware/tools/msp430/msp430/include" -Os -ffunction-sections -fdata-sections -g -gstrict-dwarf -Wall -MMD -MP -MF"lab1.d" -MT"lab1.d" -o"lab1.o"  "../lab1.cpp"
'Finished building: ../lab1.cpp'
' '
'Building target: lab1.out'
'Invoking: GNU Linker'
"C:/Users/Tingkai/Desktop/energia-0101E0014/hardware/tools/msp430/bin/msp430-gcc.exe" -mmcu=msp430g2553 -DF_CPU=16000000L -DARDUINO=101 -DENERGIA=12 -Os -ffunction-sections -fdata-sections -g -gstrict-dwarf -Wall -Wl,-Map,"lab1.map" -Wl,--gc-sections -L"C:/Users/Tingkai/Desktop/TI/lpmsp430g2553_core/Debug" -Wl,--undefined,main -o"lab1.out" "./lab1.o"  -Wl,--start-group -l"lpmsp430g2553_core" -l"m" -Wl,--end-group 
'Finished building target: lab1.out'
' '
C:/Users/Tingkai/Desktop/energia-0101E0014/hardware/tools/msp430/bin/msp430-objcopy -O ihex -R .eeprom lab1.out lab1.hex
' '

**** Build Finished ****
